<?xml version="1.0" encoding="UTF-8"?>
<!-- Generated by org.testng.reporters.JUnitReportReporter -->
<testsuite hostname="DESKTOP-2MCIBL4" failures="0" tests="3" name="TEST.ZPinPageTest" time="53.725" errors="0" timestamp="2022-06-16T01:07:29 IST" skipped="0">
  <testcase classname="TEST.ZPinPageTest" name="ForgotButtontest" time="10.394"/>
  <system-out/>
  <testcase classname="TEST.ZPinPageTest" name="SignupButtonTest" time="12.400"/>
  <system-out/>
  <testcase classname="TEST.ZPinPageTest" name="loginwithvalidcredential" time="30.931"/>
  <system-out/>
</testsuite> <!-- TEST.ZPinPageTest -->
