<?xml version="1.0" encoding="UTF-8"?>
<!-- Generated by org.testng.reporters.JUnitReportReporter -->
<testsuite hostname="DESKTOP-2MCIBL4" failures="0" tests="1" name="TEST.DP" time="0.031" errors="0" timestamp="2022-06-14T09:59:51 IST" skipped="0">
  <testcase classname="TEST.DP" name="Demo1" time="0.031"/>
  <system-out/>
</testsuite> <!-- TEST.DP -->
