<?xml version="1.0" encoding="UTF-8"?>
<!-- Generated by org.testng.reporters.JUnitReportReporter -->
<testsuite hostname="DESKTOP-2MCIBL4" failures="0" tests="1" name="TEST.TestYoutubepage" time="25.986" errors="0" timestamp="2022-07-23T19:26:06 IST" skipped="0">
  <testcase classname="TEST.TestYoutubepage" name="FrameTest" time="25.986"/>
  <system-out/>
</testsuite> <!-- TEST.TestYoutubepage -->
