<?xml version="1.0" encoding="UTF-8"?>
<!-- Generated by org.testng.reporters.JUnitReportReporter -->
<testsuite hostname="DESKTOP-2MCIBL4" failures="0" tests="2" name="TEST.DataProvider" time="0.067" errors="0" timestamp="2022-06-14T09:40:42 IST" skipped="0">
  <testcase classname="TEST.DataProvider" name="Demo1" time="0.046"/>
  <system-out/>
  <testcase classname="TEST.DataProvider" name="Demo2" time="0.021"/>
  <system-out/>
</testsuite> <!-- TEST.DataProvider -->
