<?xml version="1.0" encoding="UTF-8"?>
<!-- Generated by org.testng.reporters.JUnitReportReporter -->
<testsuite hostname="DESKTOP-2MCIBL4" failures="0" tests="4" name="TEST.Annotation3" time="0.052" errors="0" timestamp="2022-06-02T20:54:05 IST" skipped="0">
  <testcase classname="TEST.Annotation3" name="Akshay" time="0.034"/>
  <system-out/>
  <testcase classname="TEST.Annotation3" name="add" time="0.007"/>
  <system-out/>
  <testcase classname="TEST.Annotation3" name="Lalit" time="0.004"/>
  <system-out/>
  <testcase classname="TEST.Annotation3" name="Rahul" time="0.007"/>
  <system-out/>
</testsuite> <!-- TEST.Annotation3 -->
